This file contains any messages produced by compilers while
running configure, to aid debugging if configure makes a mistake.

It was created by pynac configure 0.6.1, which was
generated by GNU Autoconf 2.69.  Invocation command line was

  $ ./configure 

## --------- ##
## Platform. ##
## --------- ##

hostname = aaditya-Inspiron-5547
uname -m = x86_64
uname -r = 4.2.0-23-generic
uname -s = Linux
uname -v = #28-Ubuntu SMP Sun Dec 27 17:47:31 UTC 2015

/usr/bin/uname -p = unknown
/bin/uname -X     = unknown

/bin/arch              = unknown
/usr/bin/arch -k       = unknown
/usr/convex/getsysinfo = unknown
/usr/bin/hostinfo      = unknown
/bin/machine           = unknown
/usr/bin/oslevel       = unknown
/bin/universe          = unknown

PATH: /home/aaditya/bin
PATH: /home/aaditya/bin
PATH: /usr/local/sbin
PATH: /usr/local/bin
PATH: /usr/sbin
PATH: /usr/bin
PATH: /sbin
PATH: /bin
PATH: /usr/games
PATH: /usr/local/games
PATH: /home/aaditya/.rvm/bin
PATH: /usr/lib/java/jdk1.8.0_65/bin
PATH: /usr/local/lib/bin
PATH: /home/aaditya/.rvm/bin
PATH: /home/aaditya/.rvm/bin


## ----------- ##
## Core tests. ##
## ----------- ##

configure:2696: checking for a BSD-compatible install
configure:2764: result: /usr/bin/install -c
configure:2775: checking whether build environment is sane
configure:2830: result: yes
configure:2981: checking for a thread-safe mkdir -p
configure:3020: result: /bin/mkdir -p
configure:3027: checking for gawk
configure:3043: found /usr/bin/gawk
configure:3054: result: gawk
configure:3065: checking whether make sets $(MAKE)
configure:3087: result: yes
configure:3116: checking whether make supports nested variables
configure:3133: result: yes
configure:3295: checking for a Python interpreter with version >= 2.7
configure:3312: python -c import sys # split strings by '.' and convert to numeric. Append some zeros # because we need at least 4 digits for the hex conversion. # map returns an iterator in Python 3.0 and a list in 2.x minver = list(map(int, '2.7'.split('.'))) + [0, 0, 0] minverhex = 0 # xrange is not present in Python 3.0 and range returns an iterator for i in list(range(0, 4)): minverhex = (minverhex << 8) + minver[i] sys.exit(sys.hexversion < minverhex)
configure:3315: $? = 0
configure:3321: result: python
configure:3329: checking for python
configure:3347: found /usr/bin/python
configure:3359: result: /usr/bin/python
configure:3377: checking for python version
configure:3384: result: 2.7
configure:3396: checking for python platform
configure:3403: result: linux2
configure:3429: checking for python script directory
configure:3464: result: ${prefix}/lib/python2.7/dist-packages
configure:3473: checking for python extension module directory
configure:3508: result: ${exec_prefix}/lib/python2.7/dist-packages
configure:3533: checking for style of include used by make
configure:3561: result: GNU
configure:3632: checking for gcc
configure:3648: found /usr/bin/gcc
configure:3659: result: gcc
configure:3888: checking for C compiler version
configure:3897: gcc --version >&5
gcc (Ubuntu 5.2.1-22ubuntu2) 5.2.1 20151010
Copyright (C) 2015 Free Software Foundation, Inc.
This is free software; see the source for copying conditions.  There is NO
warranty; not even for MERCHANTABILITY or FITNESS FOR A PARTICULAR PURPOSE.

configure:3908: $? = 0
configure:3897: gcc -v >&5
Using built-in specs.
COLLECT_GCC=gcc
COLLECT_LTO_WRAPPER=/usr/lib/gcc/x86_64-linux-gnu/5/lto-wrapper
Target: x86_64-linux-gnu
Configured with: ../src/configure -v --with-pkgversion='Ubuntu 5.2.1-22ubuntu2' --with-bugurl=file:///usr/share/doc/gcc-5/README.Bugs --enable-languages=c,ada,c++,java,go,d,fortran,objc,obj-c++ --prefix=/usr --program-suffix=-5 --enable-shared --enable-linker-build-id --libexecdir=/usr/lib --without-included-gettext --enable-threads=posix --libdir=/usr/lib --enable-nls --with-sysroot=/ --enable-clocale=gnu --enable-libstdcxx-debug --enable-libstdcxx-time=yes --with-default-libstdcxx-abi=new --enable-gnu-unique-object --disable-vtable-verify --enable-libmpx --enable-plugin --with-system-zlib --disable-browser-plugin --enable-java-awt=gtk --enable-gtk-cairo --with-java-home=/usr/lib/jvm/java-1.5.0-gcj-5-amd64/jre --enable-java-home --with-jvm-root-dir=/usr/lib/jvm/java-1.5.0-gcj-5-amd64 --with-jvm-jar-dir=/usr/lib/jvm-exports/java-1.5.0-gcj-5-amd64 --with-arch-directory=amd64 --with-ecj-jar=/usr/share/java/eclipse-ecj.jar --enable-objc-gc --enable-multiarch --disable-werror --with-arch-32=i686 --with-abi=m64 --with-multilib-list=m32,m64,mx32 --enable-multilib --with-tune=generic --enable-checking=release --build=x86_64-linux-gnu --host=x86_64-linux-gnu --target=x86_64-linux-gnu
Thread model: posix
gcc version 5.2.1 20151010 (Ubuntu 5.2.1-22ubuntu2) 
configure:3908: $? = 0
configure:3897: gcc -V >&5
gcc: error: unrecognized command line option '-V'
gcc: fatal error: no input files
compilation terminated.
configure:3908: $? = 1
configure:3897: gcc -qversion >&5
gcc: error: unrecognized command line option '-qversion'
gcc: fatal error: no input files
compilation terminated.
configure:3908: $? = 1
configure:3928: checking whether the C compiler works
configure:3950: gcc    conftest.c  >&5
configure:3954: $? = 0
configure:4002: result: yes
configure:4005: checking for C compiler default output file name
configure:4007: result: a.out
configure:4013: checking for suffix of executables
configure:4020: gcc -o conftest    conftest.c  >&5
configure:4024: $? = 0
configure:4046: result: 
configure:4068: checking whether we are cross compiling
configure:4076: gcc -o conftest    conftest.c  >&5
configure:4080: $? = 0
configure:4087: ./conftest
configure:4091: $? = 0
configure:4106: result: no
configure:4111: checking for suffix of object files
configure:4133: gcc -c   conftest.c >&5
configure:4137: $? = 0
configure:4158: result: o
configure:4162: checking whether we are using the GNU C compiler
configure:4181: gcc -c   conftest.c >&5
configure:4181: $? = 0
configure:4190: result: yes
configure:4199: checking whether gcc accepts -g
configure:4219: gcc -c -g  conftest.c >&5
configure:4219: $? = 0
configure:4260: result: yes
configure:4277: checking for gcc option to accept ISO C89
configure:4340: gcc  -c -g -O2  conftest.c >&5
configure:4340: $? = 0
configure:4353: result: none needed
configure:4378: checking whether gcc understands -c and -o together
configure:4400: gcc -c conftest.c -o conftest2.o
configure:4403: $? = 0
configure:4400: gcc -c conftest.c -o conftest2.o
configure:4403: $? = 0
configure:4415: result: yes
configure:4434: checking dependency style of gcc
configure:4545: result: gcc3
configure:4569: checking for python2.7
configure:4599: result: /usr/bin/python
configure:4615: checking for a version of Python >= '2.1.0'
configure:4641: result: yes
configure:4672: checking for the distutils Python package
configure:4676: result: yes
configure:4690: checking for Python include path
configure:4706: result: -I/usr/include/python2.7
configure:4713: checking for Python library path
configure:4790: result: -L/usr/lib -lpython2.7
configure:4797: checking for Python site-packages path
configure:4803: result: /usr/lib/python2.7/dist-packages
configure:4810: checking python extra libraries
configure:4817: result: -lpthread -ldl  -lutil -lm
configure:4824: checking python extra linking flags
configure:4831: result: -Xlinker -export-dynamic -Wl,-O1 -Wl,-Bsymbolic-functions
configure:4838: checking consistency of all components of python development environment
configure:4864: gcc -o conftest -g -O2  -I/usr/include/python2.7  conftest.c  -L/usr/lib -lpython2.7 -Xlinker -export-dynamic -Wl,-O1 -Wl,-Bsymbolic-functions -lpthread -ldl  -lutil -lm >&5
configure:4864: $? = 0
configure:4881: result: yes
configure:4911: checking build system type
configure:4925: result: x86_64-unknown-linux-gnu
configure:4945: checking host system type
configure:4958: result: x86_64-unknown-linux-gnu
configure:4978: checking for Cygwin
configure:5002: result: 
configure:5016: checking whether make supports nested variables
configure:5033: result: yes
configure:5135: checking for g++
configure:5151: found /usr/bin/g++
configure:5162: result: g++
configure:5189: checking for C++ compiler version
configure:5198: g++ --version >&5
g++ (Ubuntu 5.2.1-22ubuntu2) 5.2.1 20151010
Copyright (C) 2015 Free Software Foundation, Inc.
This is free software; see the source for copying conditions.  There is NO
warranty; not even for MERCHANTABILITY or FITNESS FOR A PARTICULAR PURPOSE.

configure:5209: $? = 0
configure:5198: g++ -v >&5
Using built-in specs.
COLLECT_GCC=g++
COLLECT_LTO_WRAPPER=/usr/lib/gcc/x86_64-linux-gnu/5/lto-wrapper
Target: x86_64-linux-gnu
Configured with: ../src/configure -v --with-pkgversion='Ubuntu 5.2.1-22ubuntu2' --with-bugurl=file:///usr/share/doc/gcc-5/README.Bugs --enable-languages=c,ada,c++,java,go,d,fortran,objc,obj-c++ --prefix=/usr --program-suffix=-5 --enable-shared --enable-linker-build-id --libexecdir=/usr/lib --without-included-gettext --enable-threads=posix --libdir=/usr/lib --enable-nls --with-sysroot=/ --enable-clocale=gnu --enable-libstdcxx-debug --enable-libstdcxx-time=yes --with-default-libstdcxx-abi=new --enable-gnu-unique-object --disable-vtable-verify --enable-libmpx --enable-plugin --with-system-zlib --disable-browser-plugin --enable-java-awt=gtk --enable-gtk-cairo --with-java-home=/usr/lib/jvm/java-1.5.0-gcj-5-amd64/jre --enable-java-home --with-jvm-root-dir=/usr/lib/jvm/java-1.5.0-gcj-5-amd64 --with-jvm-jar-dir=/usr/lib/jvm-exports/java-1.5.0-gcj-5-amd64 --with-arch-directory=amd64 --with-ecj-jar=/usr/share/java/eclipse-ecj.jar --enable-objc-gc --enable-multiarch --disable-werror --with-arch-32=i686 --with-abi=m64 --with-multilib-list=m32,m64,mx32 --enable-multilib --with-tune=generic --enable-checking=release --build=x86_64-linux-gnu --host=x86_64-linux-gnu --target=x86_64-linux-gnu
Thread model: posix
gcc version 5.2.1 20151010 (Ubuntu 5.2.1-22ubuntu2) 
configure:5209: $? = 0
configure:5198: g++ -V >&5
g++: error: unrecognized command line option '-V'
g++: fatal error: no input files
compilation terminated.
configure:5209: $? = 1
configure:5198: g++ -qversion >&5
g++: error: unrecognized command line option '-qversion'
g++: fatal error: no input files
compilation terminated.
configure:5209: $? = 1
configure:5213: checking whether we are using the GNU C++ compiler
configure:5232: g++ -c   conftest.cpp >&5
configure:5232: $? = 0
configure:5241: result: yes
configure:5250: checking whether g++ accepts -g
configure:5270: g++ -c -g  conftest.cpp >&5
configure:5270: $? = 0
configure:5311: result: yes
configure:5336: checking dependency style of g++
configure:5447: result: gcc3
configure:5467: checking how to run the C++ preprocessor
configure:5494: g++ -E  conftest.cpp
configure:5494: $? = 0
configure:5508: g++ -E  conftest.cpp
conftest.cpp:14:28: fatal error: ac_nonexistent.h: No such file or directory
compilation terminated.
configure:5508: $? = 1
configure: failed program was:
| /* confdefs.h */
| #define PACKAGE_NAME "pynac"
| #define PACKAGE_TARNAME "pynac"
| #define PACKAGE_VERSION "0.6.1"
| #define PACKAGE_STRING "pynac 0.6.1"
| #define PACKAGE_BUGREPORT "<pynac-devel@googlegroups.com>"
| #define PACKAGE_URL ""
| #define PACKAGE "pynac"
| #define VERSION "0.6.1"
| #define HAVE_PYTHON "2.7"
| #define ARCHIVE_VERSION 3
| #define ARCHIVE_AGE 0
| /* end confdefs.h.  */
| #include <ac_nonexistent.h>
configure:5533: result: g++ -E
configure:5553: g++ -E  conftest.cpp
configure:5553: $? = 0
configure:5567: g++ -E  conftest.cpp
conftest.cpp:14:28: fatal error: ac_nonexistent.h: No such file or directory
compilation terminated.
configure:5567: $? = 1
configure: failed program was:
| /* confdefs.h */
| #define PACKAGE_NAME "pynac"
| #define PACKAGE_TARNAME "pynac"
| #define PACKAGE_VERSION "0.6.1"
| #define PACKAGE_STRING "pynac 0.6.1"
| #define PACKAGE_BUGREPORT "<pynac-devel@googlegroups.com>"
| #define PACKAGE_URL ""
| #define PACKAGE "pynac"
| #define VERSION "0.6.1"
| #define HAVE_PYTHON "2.7"
| #define ARCHIVE_VERSION 3
| #define ARCHIVE_AGE 0
| /* end confdefs.h.  */
| #include <ac_nonexistent.h>
configure:5642: checking how to print strings
configure:5669: result: printf
configure:5690: checking for a sed that does not truncate output
configure:5754: result: /bin/sed
configure:5772: checking for grep that handles long lines and -e
configure:5830: result: /bin/grep
configure:5835: checking for egrep
configure:5897: result: /bin/grep -E
configure:5902: checking for fgrep
configure:5964: result: /bin/grep -F
configure:5999: checking for ld used by gcc
configure:6066: result: /usr/bin/ld
configure:6073: checking if the linker (/usr/bin/ld) is GNU ld
configure:6088: result: yes
configure:6100: checking for BSD- or MS-compatible name lister (nm)
configure:6149: result: /usr/bin/nm -B
configure:6279: checking the name lister (/usr/bin/nm -B) interface
configure:6286: gcc -c -g -O2  conftest.c >&5
configure:6289: /usr/bin/nm -B "conftest.o"
configure:6292: output
0000000000000000 B some_variable
configure:6299: result: BSD nm
configure:6302: checking whether ln -s works
configure:6306: result: yes
configure:6314: checking the maximum length of command line arguments
configure:6445: result: 1572864
configure:6462: checking whether the shell understands some XSI constructs
configure:6472: result: yes
configure:6476: checking whether the shell understands "+="
configure:6482: result: yes
configure:6517: checking how to convert x86_64-unknown-linux-gnu file names to x86_64-unknown-linux-gnu format
configure:6557: result: func_convert_file_noop
configure:6564: checking how to convert x86_64-unknown-linux-gnu file names to toolchain format
configure:6584: result: func_convert_file_noop
configure:6591: checking for /usr/bin/ld option to reload object files
configure:6598: result: -r
configure:6672: checking for objdump
configure:6688: found /usr/bin/objdump
configure:6699: result: objdump
configure:6731: checking how to recognize dependent libraries
configure:6929: result: pass_all
configure:7014: checking for dlltool
configure:7044: result: no
configure:7074: checking how to associate runtime and link libraries
configure:7101: result: printf %s\n
configure:7161: checking for ar
configure:7177: found /usr/bin/ar
configure:7188: result: ar
configure:7225: checking for archiver @FILE support
configure:7242: gcc -c -g -O2  conftest.c >&5
configure:7242: $? = 0
configure:7245: ar cru libconftest.a @conftest.lst >&5
ar: `u' modifier ignored since `D' is the default (see `U')
configure:7248: $? = 0
configure:7253: ar cru libconftest.a @conftest.lst >&5
ar: `u' modifier ignored since `D' is the default (see `U')
ar: conftest.o: No such file or directory
configure:7256: $? = 1
configure:7268: result: @
configure:7326: checking for strip
configure:7342: found /usr/bin/strip
configure:7353: result: strip
configure:7425: checking for ranlib
configure:7441: found /usr/bin/ranlib
configure:7452: result: ranlib
configure:7554: checking command to parse /usr/bin/nm -B output from gcc object
configure:7674: gcc -c -g -O2  conftest.c >&5
configure:7677: $? = 0
configure:7681: /usr/bin/nm -B conftest.o \| sed -n -e 's/^.*[ ]\([ABCDGIRSTW][ABCDGIRSTW]*\)[ ][ ]*\([_A-Za-z][_A-Za-z0-9]*\)$/\1 \2 \2/p' | sed '/ __gnu_lto/d' \> conftest.nm
configure:7684: $? = 0
configure:7750: gcc -o conftest -g -O2   conftest.c conftstm.o >&5
configure:7753: $? = 0
configure:7791: result: ok
configure:7828: checking for sysroot
configure:7858: result: no
configure:7935: gcc -c -g -O2  conftest.c >&5
configure:7938: $? = 0
configure:8127: checking for mt
configure:8143: found /bin/mt
configure:8154: result: mt
configure:8177: checking if mt is a manifest tool
configure:8183: mt '-?'
configure:8191: result: no
configure:8833: checking how to run the C preprocessor
configure:8864: gcc -E  conftest.c
configure:8864: $? = 0
configure:8878: gcc -E  conftest.c
conftest.c:14:28: fatal error: ac_nonexistent.h: No such file or directory
compilation terminated.
configure:8878: $? = 1
configure: failed program was:
| /* confdefs.h */
| #define PACKAGE_NAME "pynac"
| #define PACKAGE_TARNAME "pynac"
| #define PACKAGE_VERSION "0.6.1"
| #define PACKAGE_STRING "pynac 0.6.1"
| #define PACKAGE_BUGREPORT "<pynac-devel@googlegroups.com>"
| #define PACKAGE_URL ""
| #define PACKAGE "pynac"
| #define VERSION "0.6.1"
| #define HAVE_PYTHON "2.7"
| #define ARCHIVE_VERSION 3
| #define ARCHIVE_AGE 0
| /* end confdefs.h.  */
| #include <ac_nonexistent.h>
configure:8903: result: gcc -E
configure:8923: gcc -E  conftest.c
configure:8923: $? = 0
configure:8937: gcc -E  conftest.c
conftest.c:14:28: fatal error: ac_nonexistent.h: No such file or directory
compilation terminated.
configure:8937: $? = 1
configure: failed program was:
| /* confdefs.h */
| #define PACKAGE_NAME "pynac"
| #define PACKAGE_TARNAME "pynac"
| #define PACKAGE_VERSION "0.6.1"
| #define PACKAGE_STRING "pynac 0.6.1"
| #define PACKAGE_BUGREPORT "<pynac-devel@googlegroups.com>"
| #define PACKAGE_URL ""
| #define PACKAGE "pynac"
| #define VERSION "0.6.1"
| #define HAVE_PYTHON "2.7"
| #define ARCHIVE_VERSION 3
| #define ARCHIVE_AGE 0
| /* end confdefs.h.  */
| #include <ac_nonexistent.h>
configure:8966: checking for ANSI C header files
configure:8986: gcc -c -g -O2  conftest.c >&5
configure:8986: $? = 0
configure:9059: gcc -o conftest -g -O2   conftest.c  >&5
configure:9059: $? = 0
configure:9059: ./conftest
configure:9059: $? = 0
configure:9070: result: yes
configure:9083: checking for sys/types.h
configure:9083: gcc -c -g -O2  conftest.c >&5
configure:9083: $? = 0
configure:9083: result: yes
configure:9083: checking for sys/stat.h
configure:9083: gcc -c -g -O2  conftest.c >&5
configure:9083: $? = 0
configure:9083: result: yes
configure:9083: checking for stdlib.h
configure:9083: gcc -c -g -O2  conftest.c >&5
configure:9083: $? = 0
configure:9083: result: yes
configure:9083: checking for string.h
configure:9083: gcc -c -g -O2  conftest.c >&5
configure:9083: $? = 0
configure:9083: result: yes
configure:9083: checking for memory.h
configure:9083: gcc -c -g -O2  conftest.c >&5
configure:9083: $? = 0
configure:9083: result: yes
configure:9083: checking for strings.h
configure:9083: gcc -c -g -O2  conftest.c >&5
configure:9083: $? = 0
configure:9083: result: yes
configure:9083: checking for inttypes.h
configure:9083: gcc -c -g -O2  conftest.c >&5
configure:9083: $? = 0
configure:9083: result: yes
configure:9083: checking for stdint.h
configure:9083: gcc -c -g -O2  conftest.c >&5
configure:9083: $? = 0
configure:9083: result: yes
configure:9083: checking for unistd.h
configure:9083: gcc -c -g -O2  conftest.c >&5
configure:9083: $? = 0
configure:9083: result: yes
configure:9097: checking for dlfcn.h
configure:9097: gcc -c -g -O2  conftest.c >&5
configure:9097: $? = 0
configure:9097: result: yes
configure:9314: checking for objdir
configure:9329: result: .libs
configure:9600: checking if gcc supports -fno-rtti -fno-exceptions
configure:9618: gcc -c -g -O2  -fno-rtti -fno-exceptions conftest.c >&5
cc1: warning: command line option '-fno-rtti' is valid for C++/ObjC++ but not for C
configure:9622: $? = 0
configure:9635: result: no
configure:9962: checking for gcc option to produce PIC
configure:9969: result: -fPIC -DPIC
configure:9977: checking if gcc PIC flag -fPIC -DPIC works
configure:9995: gcc -c -g -O2  -fPIC -DPIC -DPIC conftest.c >&5
configure:9999: $? = 0
configure:10012: result: yes
configure:10041: checking if gcc static flag -static works
configure:10069: result: yes
configure:10084: checking if gcc supports -c -o file.o
configure:10105: gcc -c -g -O2  -o out/conftest2.o conftest.c >&5
configure:10109: $? = 0
configure:10131: result: yes
configure:10139: checking if gcc supports -c -o file.o
configure:10186: result: yes
configure:10219: checking whether the gcc linker (/usr/bin/ld -m elf_x86_64) supports shared libraries
configure:11376: result: yes
configure:11413: checking whether -lc should be explicitly linked in
configure:11421: gcc -c -g -O2  conftest.c >&5
configure:11424: $? = 0
configure:11439: gcc -shared  -fPIC -DPIC conftest.o  -v -Wl,-soname -Wl,conftest -o conftest 2\>\&1 \| /bin/grep  -lc  \>/dev/null 2\>\&1
configure:11442: $? = 0
configure:11456: result: no
configure:11616: checking dynamic linker characteristics
configure:12116: gcc -o conftest -g -O2   -Wl,-rpath -Wl,/foo conftest.c  >&5
configure:12116: $? = 0
configure:12350: result: GNU/Linux ld.so
configure:12457: checking how to hardcode library paths into programs
configure:12482: result: immediate
configure:13022: checking whether stripping libraries is possible
configure:13027: result: yes
configure:13062: checking if libtool supports shared libraries
configure:13064: result: yes
configure:13067: checking whether to build shared libraries
configure:13088: result: yes
configure:13091: checking whether to build static libraries
configure:13095: result: yes
configure:13118: checking how to run the C++ preprocessor
configure:13184: result: g++ -E
configure:13204: g++ -E  conftest.cpp
configure:13204: $? = 0
configure:13218: g++ -E  conftest.cpp
conftest.cpp:26:28: fatal error: ac_nonexistent.h: No such file or directory
compilation terminated.
configure:13218: $? = 1
configure: failed program was:
| /* confdefs.h */
| #define PACKAGE_NAME "pynac"
| #define PACKAGE_TARNAME "pynac"
| #define PACKAGE_VERSION "0.6.1"
| #define PACKAGE_STRING "pynac 0.6.1"
| #define PACKAGE_BUGREPORT "<pynac-devel@googlegroups.com>"
| #define PACKAGE_URL ""
| #define PACKAGE "pynac"
| #define VERSION "0.6.1"
| #define HAVE_PYTHON "2.7"
| #define ARCHIVE_VERSION 3
| #define ARCHIVE_AGE 0
| #define STDC_HEADERS 1
| #define HAVE_SYS_TYPES_H 1
| #define HAVE_SYS_STAT_H 1
| #define HAVE_STDLIB_H 1
| #define HAVE_STRING_H 1
| #define HAVE_MEMORY_H 1
| #define HAVE_STRINGS_H 1
| #define HAVE_INTTYPES_H 1
| #define HAVE_STDINT_H 1
| #define HAVE_UNISTD_H 1
| #define HAVE_DLFCN_H 1
| #define LT_OBJDIR ".libs/"
| /* end confdefs.h.  */
| #include <ac_nonexistent.h>
configure:13387: checking for ld used by g++
configure:13454: result: /usr/bin/ld -m elf_x86_64
configure:13461: checking if the linker (/usr/bin/ld -m elf_x86_64) is GNU ld
configure:13476: result: yes
configure:13531: checking whether the g++ linker (/usr/bin/ld -m elf_x86_64) supports shared libraries
configure:14533: result: yes
configure:14569: g++ -c -g -O2  conftest.cpp >&5
configure:14572: $? = 0
configure:15092: checking for g++ option to produce PIC
configure:15099: result: -fPIC -DPIC
configure:15107: checking if g++ PIC flag -fPIC -DPIC works
configure:15125: g++ -c -g -O2  -fPIC -DPIC -DPIC conftest.cpp >&5
configure:15129: $? = 0
configure:15142: result: yes
configure:15165: checking if g++ static flag -static works
configure:15193: result: yes
configure:15205: checking if g++ supports -c -o file.o
configure:15226: g++ -c -g -O2  -o out/conftest2.o conftest.cpp >&5
configure:15230: $? = 0
configure:15252: result: yes
configure:15257: checking if g++ supports -c -o file.o
configure:15304: result: yes
configure:15334: checking whether the g++ linker (/usr/bin/ld -m elf_x86_64) supports shared libraries
configure:15373: result: yes
configure:15514: checking dynamic linker characteristics
configure:16182: result: GNU/Linux ld.so
configure:16235: checking how to hardcode library paths into programs
configure:16260: result: immediate
configure:16621: checking gmp.h usability
configure:16621: gcc -c -g -O2  conftest.c >&5
configure:16621: $? = 0
configure:16621: result: yes
configure:16621: checking gmp.h presence
configure:16621: gcc -E  conftest.c
configure:16621: $? = 0
configure:16621: result: yes
configure:16621: checking for gmp.h
configure:16621: result: yes
configure:16633: checking for library containing __gmpz_get_str
configure:16664: gcc -o conftest -g -O2   conftest.c  >&5
/tmp/ccq0QXOU.o: In function `main':
/home/aaditya/sage/pynac/conftest.c:38: undefined reference to `__gmpz_get_str'
collect2: error: ld returned 1 exit status
configure:16664: $? = 1
configure: failed program was:
| /* confdefs.h */
| #define PACKAGE_NAME "pynac"
| #define PACKAGE_TARNAME "pynac"
| #define PACKAGE_VERSION "0.6.1"
| #define PACKAGE_STRING "pynac 0.6.1"
| #define PACKAGE_BUGREPORT "<pynac-devel@googlegroups.com>"
| #define PACKAGE_URL ""
| #define PACKAGE "pynac"
| #define VERSION "0.6.1"
| #define HAVE_PYTHON "2.7"
| #define ARCHIVE_VERSION 3
| #define ARCHIVE_AGE 0
| #define STDC_HEADERS 1
| #define HAVE_SYS_TYPES_H 1
| #define HAVE_SYS_STAT_H 1
| #define HAVE_STDLIB_H 1
| #define HAVE_STRING_H 1
| #define HAVE_MEMORY_H 1
| #define HAVE_STRINGS_H 1
| #define HAVE_INTTYPES_H 1
| #define HAVE_STDINT_H 1
| #define HAVE_UNISTD_H 1
| #define HAVE_DLFCN_H 1
| #define LT_OBJDIR ".libs/"
| #define HAVE_GMP_H 1
| /* end confdefs.h.  */
| 
| /* Override any GCC internal prototype to avoid an error.
|    Use char because int might match the return type of a GCC
|    builtin and then its argument prototype would still apply.  */
| #ifdef __cplusplus
| extern "C"
| #endif
| char __gmpz_get_str ();
| int
| main ()
| {
| return __gmpz_get_str ();
|   ;
|   return 0;
| }
configure:16664: gcc -o conftest -g -O2   conftest.c -lgmp   >&5
configure:16664: $? = 0
configure:16681: result: -lgmp
configure:16696: checking size of int
configure:16701: gcc -o conftest -g -O2   conftest.c -lgmp  >&5
configure:16701: $? = 0
configure:16701: ./conftest
configure:16701: $? = 0
configure:16715: result: 4
configure:16729: checking size of long
configure:16734: gcc -o conftest -g -O2   conftest.c -lgmp  >&5
configure:16734: $? = 0
configure:16734: ./conftest
configure:16734: $? = 0
configure:16748: result: 8
configure:16762: checking size of long long
configure:16767: gcc -o conftest -g -O2   conftest.c -lgmp  >&5
configure:16767: $? = 0
configure:16767: ./conftest
configure:16767: $? = 0
configure:16781: result: 8
configure:16795: checking size of long double
configure:16800: gcc -o conftest -g -O2   conftest.c -lgmp  >&5
configure:16800: $? = 0
configure:16800: ./conftest
configure:16800: $? = 0
configure:16814: result: 16
configure:16828: checking size of void *
configure:16833: gcc -o conftest -g -O2   conftest.c -lgmp  >&5
configure:16833: $? = 0
configure:16833: ./conftest
configure:16833: $? = 0
configure:16847: result: 8
configure:16871: checking whether g++ supports C++11 features by default
configure:16928: g++ -c -g -O2  conftest.cpp >&5
conftest.cpp:36:21: error: expected identifier before 'sizeof'
       static_assert(sizeof(int) <= sizeof(T), "not big enough");
                     ^
conftest.cpp:36:21: error: expected ',' or '...' before 'sizeof'
conftest.cpp:36:63: error: ISO C++ forbids declaration of 'static_assert' with no type [-fpermissive]
       static_assert(sizeof(int) <= sizeof(T), "not big enough");
                                                               ^
conftest.cpp:43:20: warning: override controls (override/final) only available with -std=c++11 or -std=gnu++11
     virtual void f() override {}
                    ^
conftest.cpp:46:29: error: '>>' should be '> >' within a nested template argument list
     typedef check<check<bool>> right_angle_brackets;
                             ^
conftest.cpp:49:13: error: expected constructor, destructor, or type conversion before '(' token
     decltype(a) b;
             ^
conftest.cpp:53:15: error: expected unqualified-id before '&&' token
     check_type&& cr = static_cast<check_type&&>(c);
               ^
conftest.cpp:55:10: error: 'd' does not name a type
     auto d = a;
          ^
conftest.cpp:56:10: error: 'l' does not name a type
     auto l = [](){};
          ^
conftest.cpp: In constructor 'use_l::use_l()':
conftest.cpp:58:32: error: 'l' was not declared in this scope
     struct use_l { use_l() { l(); } };
                                ^
conftest.cpp: At global scope:
conftest.cpp:66:9: error: expected unqualified-id before 'using'
         using member = typename T::member_type;
         ^
conftest.cpp:72:19: error: variable or field 'func' declared void
         void func(member<T>*) {}
                   ^
conftest.cpp:72:19: error: 'member' was not declared in this scope
conftest.cpp:72:27: error: expected primary-expression before '>' token
         void func(member<T>*) {}
                           ^
conftest.cpp:72:29: error: expected primary-expression before ')' token
         void func(member<T>*) {}
                             ^
configure:16928: $? = 1
configure: failed program was:
| /* confdefs.h */
| #define PACKAGE_NAME "pynac"
| #define PACKAGE_TARNAME "pynac"
| #define PACKAGE_VERSION "0.6.1"
| #define PACKAGE_STRING "pynac 0.6.1"
| #define PACKAGE_BUGREPORT "<pynac-devel@googlegroups.com>"
| #define PACKAGE_URL ""
| #define PACKAGE "pynac"
| #define VERSION "0.6.1"
| #define HAVE_PYTHON "2.7"
| #define ARCHIVE_VERSION 3
| #define ARCHIVE_AGE 0
| #define STDC_HEADERS 1
| #define HAVE_SYS_TYPES_H 1
| #define HAVE_SYS_STAT_H 1
| #define HAVE_STDLIB_H 1
| #define HAVE_STRING_H 1
| #define HAVE_MEMORY_H 1
| #define HAVE_STRINGS_H 1
| #define HAVE_INTTYPES_H 1
| #define HAVE_STDINT_H 1
| #define HAVE_UNISTD_H 1
| #define HAVE_DLFCN_H 1
| #define LT_OBJDIR ".libs/"
| #define HAVE_GMP_H 1
| #define SIZEOF_INT 4
| #define SIZEOF_LONG 8
| #define SIZEOF_LONG_LONG 8
| #define SIZEOF_LONG_DOUBLE 16
| #define SIZEOF_VOID_P 8
| /* end confdefs.h.  */
| 
|   template <typename T>
|     struct check
|     {
|       static_assert(sizeof(int) <= sizeof(T), "not big enough");
|     };
| 
|     struct Base {
|     virtual void f() {}
|     };
|     struct Child : public Base {
|     virtual void f() override {}
|     };
| 
|     typedef check<check<bool>> right_angle_brackets;
| 
|     int a;
|     decltype(a) b;
| 
|     typedef check<int> check_type;
|     check_type c;
|     check_type&& cr = static_cast<check_type&&>(c);
| 
|     auto d = a;
|     auto l = [](){};
|     // Prevent Clang error: unused variable 'l' [-Werror,-Wunused-variable]
|     struct use_l { use_l() { l(); } };
| 
|     // http://stackoverflow.com/questions/13728184/template-aliases-and-sfinae
|     // Clang 3.1 fails with headers of libstd++ 4.8.3 when using std::function because of this
|     namespace test_template_alias_sfinae {
|         struct foo {};
| 
|         template<typename T>
|         using member = typename T::member_type;
| 
|         template<typename T>
|         void func(...) {}
| 
|         template<typename T>
|         void func(member<T>*) {}
| 
|         void test();
| 
|         void test() {
|             func<foo>(0);
|         }
|     }
| 
configure:16935: result: no
configure:16944: checking whether g++ supports C++11 features with -std=gnu++11
configure:17003: g++ -c -g -O2 -std=gnu++11  conftest.cpp >&5
configure:17003: $? = 0
configure:17012: result: yes
configure:17129: checking iosfwd usability
configure:17129: g++ -c -g -O2 -std=gnu++11  conftest.cpp >&5
configure:17129: $? = 0
configure:17129: result: yes
configure:17129: checking iosfwd presence
configure:17129: g++ -E  conftest.cpp
configure:17129: $? = 0
configure:17129: result: yes
configure:17129: checking for iosfwd
configure:17129: result: yes
configure:17141: checking iostream usability
configure:17141: g++ -c -g -O2 -std=gnu++11  conftest.cpp >&5
configure:17141: $? = 0
configure:17141: result: yes
configure:17141: checking iostream presence
configure:17141: g++ -E  conftest.cpp
configure:17141: $? = 0
configure:17141: result: yes
configure:17141: checking for iostream
configure:17141: result: yes
configure:17153: checking vector usability
configure:17153: g++ -c -g -O2 -std=gnu++11  conftest.cpp >&5
configure:17153: $? = 0
configure:17153: result: yes
configure:17153: checking vector presence
configure:17153: g++ -E  conftest.cpp
configure:17153: $? = 0
configure:17153: result: yes
configure:17153: checking for vector
configure:17153: result: yes
configure:17165: checking list usability
configure:17165: g++ -c -g -O2 -std=gnu++11  conftest.cpp >&5
configure:17165: $? = 0
configure:17165: result: yes
configure:17165: checking list presence
configure:17165: g++ -E  conftest.cpp
configure:17165: $? = 0
configure:17165: result: yes
configure:17165: checking for list
configure:17165: result: yes
configure:17177: checking map usability
configure:17177: g++ -c -g -O2 -std=gnu++11  conftest.cpp >&5
configure:17177: $? = 0
configure:17177: result: yes
configure:17177: checking map presence
configure:17177: g++ -E  conftest.cpp
configure:17177: $? = 0
configure:17177: result: yes
configure:17177: checking for map
configure:17177: result: yes
configure:17189: checking string usability
configure:17189: g++ -c -g -O2 -std=gnu++11  conftest.cpp >&5
configure:17189: $? = 0
configure:17189: result: yes
configure:17189: checking string presence
configure:17189: g++ -E  conftest.cpp
configure:17189: $? = 0
configure:17189: result: yes
configure:17189: checking for string
configure:17189: result: yes
configure:17201: checking sstream usability
configure:17201: g++ -c -g -O2 -std=gnu++11  conftest.cpp >&5
configure:17201: $? = 0
configure:17201: result: yes
configure:17201: checking sstream presence
configure:17201: g++ -E  conftest.cpp
configure:17201: $? = 0
configure:17201: result: yes
configure:17201: checking for sstream
configure:17201: result: yes
configure:17213: checking typeinfo usability
configure:17213: g++ -c -g -O2 -std=gnu++11  conftest.cpp >&5
configure:17213: $? = 0
configure:17213: result: yes
configure:17213: checking typeinfo presence
configure:17213: g++ -E  conftest.cpp
configure:17213: $? = 0
configure:17213: result: yes
configure:17213: checking for typeinfo
configure:17213: result: yes
configure:17225: checking stdexcept usability
configure:17225: g++ -c -g -O2 -std=gnu++11  conftest.cpp >&5
configure:17225: $? = 0
configure:17225: result: yes
configure:17225: checking stdexcept presence
configure:17225: g++ -E  conftest.cpp
configure:17225: $? = 0
configure:17225: result: yes
configure:17225: checking for stdexcept
configure:17225: result: yes
configure:17237: checking algorithm usability
configure:17237: g++ -c -g -O2 -std=gnu++11  conftest.cpp >&5
configure:17237: $? = 0
configure:17237: result: yes
configure:17237: checking algorithm presence
configure:17237: g++ -E  conftest.cpp
configure:17237: $? = 0
configure:17237: result: yes
configure:17237: checking for algorithm
configure:17237: result: yes
configure:17249: checking limits usability
configure:17249: g++ -c -g -O2 -std=gnu++11  conftest.cpp >&5
configure:17249: $? = 0
configure:17249: result: yes
configure:17249: checking limits presence
configure:17249: g++ -E  conftest.cpp
configure:17249: $? = 0
configure:17249: result: yes
configure:17249: checking for limits
configure:17249: result: yes
configure:17288: checking for rm
configure:17306: found /bin/rm
configure:17319: result: /bin/rm
configure:17441: checking that generated files are newer than configure
configure:17447: result: done
configure:17482: creating ./config.status

## ---------------------- ##
## Running config.status. ##
## ---------------------- ##

This file was extended by pynac config.status 0.6.1, which was
generated by GNU Autoconf 2.69.  Invocation command line was

  CONFIG_FILES    = 
  CONFIG_HEADERS  = 
  CONFIG_LINKS    = 
  CONFIG_COMMANDS = 
  $ ./config.status 

on aaditya-Inspiron-5547

config.status:1183: creating Makefile
config.status:1183: creating pynac.spec
config.status:1183: creating pynac.pc
config.status:1183: creating ginac/Makefile
config.status:1183: creating ginac/version.h
config.status:1183: creating config.h
config.status:1412: executing depfiles commands
config.status:1412: executing libtool commands

## ---------------- ##
## Cache variables. ##
## ---------------- ##

ac_cv_build=x86_64-unknown-linux-gnu
ac_cv_c_compiler_gnu=yes
ac_cv_cxx_compiler_gnu=yes
ac_cv_env_CCC_set=
ac_cv_env_CCC_value=
ac_cv_env_CC_set=
ac_cv_env_CC_value=
ac_cv_env_CFLAGS_set=
ac_cv_env_CFLAGS_value=
ac_cv_env_CPPFLAGS_set=
ac_cv_env_CPPFLAGS_value=
ac_cv_env_CPP_set=
ac_cv_env_CPP_value=
ac_cv_env_CXXCPP_set=
ac_cv_env_CXXCPP_value=
ac_cv_env_CXXFLAGS_set=
ac_cv_env_CXXFLAGS_value=
ac_cv_env_CXX_set=
ac_cv_env_CXX_value=
ac_cv_env_LDFLAGS_set=
ac_cv_env_LDFLAGS_value=
ac_cv_env_LIBS_set=
ac_cv_env_LIBS_value=
ac_cv_env_PYTHON_VERSION_set=
ac_cv_env_PYTHON_VERSION_value=
ac_cv_env_PYTHON_set=
ac_cv_env_PYTHON_value=
ac_cv_env_build_alias_set=
ac_cv_env_build_alias_value=
ac_cv_env_host_alias_set=
ac_cv_env_host_alias_value=
ac_cv_env_target_alias_set=
ac_cv_env_target_alias_value=
ac_cv_header_algorithm=yes
ac_cv_header_dlfcn_h=yes
ac_cv_header_gmp_h=yes
ac_cv_header_inttypes_h=yes
ac_cv_header_iosfwd=yes
ac_cv_header_iostream=yes
ac_cv_header_limits=yes
ac_cv_header_list=yes
ac_cv_header_map=yes
ac_cv_header_memory_h=yes
ac_cv_header_sstream=yes
ac_cv_header_stdc=yes
ac_cv_header_stdexcept=yes
ac_cv_header_stdint_h=yes
ac_cv_header_stdlib_h=yes
ac_cv_header_string=yes
ac_cv_header_string_h=yes
ac_cv_header_strings_h=yes
ac_cv_header_sys_stat_h=yes
ac_cv_header_sys_types_h=yes
ac_cv_header_typeinfo=yes
ac_cv_header_unistd_h=yes
ac_cv_header_vector=yes
ac_cv_host=x86_64-unknown-linux-gnu
ac_cv_objext=o
ac_cv_path_EGREP='/bin/grep -E'
ac_cv_path_FGREP='/bin/grep -F'
ac_cv_path_GREP=/bin/grep
ac_cv_path_PYTHON=/usr/bin/python
ac_cv_path_RM=/bin/rm
ac_cv_path_SED=/bin/sed
ac_cv_path_install='/usr/bin/install -c'
ac_cv_path_mkdir=/bin/mkdir
ac_cv_prog_AWK=gawk
ac_cv_prog_CPP='gcc -E'
ac_cv_prog_CXXCPP='g++ -E'
ac_cv_prog_ac_ct_AR=ar
ac_cv_prog_ac_ct_CC=gcc
ac_cv_prog_ac_ct_CXX=g++
ac_cv_prog_ac_ct_MANIFEST_TOOL=mt
ac_cv_prog_ac_ct_OBJDUMP=objdump
ac_cv_prog_ac_ct_RANLIB=ranlib
ac_cv_prog_ac_ct_STRIP=strip
ac_cv_prog_cc_c89=
ac_cv_prog_cc_g=yes
ac_cv_prog_cxx_g=yes
ac_cv_prog_make_make_set=yes
ac_cv_search___gmpz_get_str=-lgmp
ac_cv_sizeof_int=4
ac_cv_sizeof_long=8
ac_cv_sizeof_long_double=16
ac_cv_sizeof_long_long=8
ac_cv_sizeof_void_p=8
am_cv_CC_dependencies_compiler_type=gcc3
am_cv_CXX_dependencies_compiler_type=gcc3
am_cv_make_support_nested_variables=yes
am_cv_pathless_PYTHON=python
am_cv_prog_cc_c_o=yes
am_cv_python_platform=linux2
am_cv_python_pyexecdir='${exec_prefix}/lib/python2.7/dist-packages'
am_cv_python_pythondir='${prefix}/lib/python2.7/dist-packages'
am_cv_python_version=2.7
ax_cv_cxx_compile_cxx11=no
ax_cv_cxx_compile_cxx11__std_gnupp11=yes
lt_cv_ar_at_file=@
lt_cv_archive_cmds_need_lc=no
lt_cv_deplibs_check_method=pass_all
lt_cv_file_magic_cmd='$MAGIC_CMD'
lt_cv_file_magic_test_file=
lt_cv_ld_reload_flag=-r
lt_cv_nm_interface='BSD nm'
lt_cv_objdir=.libs
lt_cv_path_LD=/usr/bin/ld
lt_cv_path_LDCXX='/usr/bin/ld -m elf_x86_64'
lt_cv_path_NM='/usr/bin/nm -B'
lt_cv_path_mainfest_tool=no
lt_cv_prog_compiler_c_o=yes
lt_cv_prog_compiler_c_o_CXX=yes
lt_cv_prog_compiler_pic='-fPIC -DPIC'
lt_cv_prog_compiler_pic_CXX='-fPIC -DPIC'
lt_cv_prog_compiler_pic_works=yes
lt_cv_prog_compiler_pic_works_CXX=yes
lt_cv_prog_compiler_rtti_exceptions=no
lt_cv_prog_compiler_static_works=yes
lt_cv_prog_compiler_static_works_CXX=yes
lt_cv_prog_gnu_ld=yes
lt_cv_prog_gnu_ldcxx=yes
lt_cv_sharedlib_from_linklib_cmd='printf %s\n'
lt_cv_shlibpath_overrides_runpath=no
lt_cv_sys_global_symbol_pipe='sed -n -e '\''s/^.*[	 ]\([ABCDGIRSTW][ABCDGIRSTW]*\)[	 ][	 ]*\([_A-Za-z][_A-Za-z0-9]*\)$/\1 \2 \2/p'\'' | sed '\''/ __gnu_lto/d'\'''
lt_cv_sys_global_symbol_to_c_name_address='sed -n -e '\''s/^: \([^ ]*\)[ ]*$/  {\"\1\", (void *) 0},/p'\'' -e '\''s/^[ABCDGIRSTW]* \([^ ]*\) \([^ ]*\)$/  {"\2", (void *) \&\2},/p'\'''
lt_cv_sys_global_symbol_to_c_name_address_lib_prefix='sed -n -e '\''s/^: \([^ ]*\)[ ]*$/  {\"\1\", (void *) 0},/p'\'' -e '\''s/^[ABCDGIRSTW]* \([^ ]*\) \(lib[^ ]*\)$/  {"\2", (void *) \&\2},/p'\'' -e '\''s/^[ABCDGIRSTW]* \([^ ]*\) \([^ ]*\)$/  {"lib\2", (void *) \&\2},/p'\'''
lt_cv_sys_global_symbol_to_cdecl='sed -n -e '\''s/^T .* \(.*\)$/extern int \1();/p'\'' -e '\''s/^[ABCDGIRSTW]* .* \(.*\)$/extern char \1;/p'\'''
lt_cv_sys_max_cmd_len=1572864
lt_cv_to_host_file_cmd=func_convert_file_noop
lt_cv_to_tool_file_cmd=func_convert_file_noop

## ----------------- ##
## Output variables. ##
## ----------------- ##

ACLOCAL='${SHELL} /home/aaditya/sage/pynac/missing aclocal-1.15'
AMDEPBACKSLASH='\'
AMDEP_FALSE='#'
AMDEP_TRUE=''
AMTAR='$${TAR-tar}'
AM_BACKSLASH='\'
AM_DEFAULT_V='$(AM_DEFAULT_VERBOSITY)'
AM_DEFAULT_VERBOSITY='0'
AM_V='$(V)'
AR='ar'
ARCHIVE_AGE='0'
ARCHIVE_VERSION='3'
AS='as'
AUTOCONF='${SHELL} /home/aaditya/sage/pynac/missing autoconf'
AUTOHEADER='${SHELL} /home/aaditya/sage/pynac/missing autoheader'
AUTOMAKE='${SHELL} /home/aaditya/sage/pynac/missing automake-1.15'
AWK='gawk'
CC='gcc'
CCDEPMODE='depmode=gcc3'
CFLAGS='-g -O2'
CPP='gcc -E'
CPPFLAGS=''
CXX='g++'
CXXCPP='g++ -E'
CXXDEPMODE='depmode=gcc3'
CXXFLAGS='-g -O2 -std=gnu++11'
CYGPATH_W='echo'
CYGWIN_FALSE=''
CYGWIN_TRUE='#'
DEFS='-DHAVE_CONFIG_H'
DEPDIR='.deps'
DLLTOOL='false'
DSYMUTIL=''
DUMPBIN=''
ECHO_C=''
ECHO_N='-n'
ECHO_T=''
EGREP='/bin/grep -E'
EXEEXT=''
FGREP='/bin/grep -F'
GINACLIB_MAJOR_VERSION='0'
GINACLIB_MICRO_VERSION='1'
GINACLIB_MINOR_VERSION='6'
GINACLIB_VERSION='0.6.1'
GREP='/bin/grep'
HAVE_CXX11=''
INSTALL_DATA='${INSTALL} -m 644'
INSTALL_PROGRAM='${INSTALL}'
INSTALL_SCRIPT='${INSTALL}'
INSTALL_STRIP_PROGRAM='$(install_sh) -c -s'
LD='/usr/bin/ld -m elf_x86_64'
LDFLAGS=''
LIBOBJS=''
LIBS='-lgmp '
LIBTOOL='$(SHELL) $(top_builddir)/libtool'
LIPO=''
LN_S='ln -s'
LTLIBOBJS=''
LT_VERSION_INFO='3:0:1'
MAKEINFO='${SHELL} /home/aaditya/sage/pynac/missing makeinfo'
MANIFEST_TOOL=':'
MKDIR_P='/bin/mkdir -p'
NM='/usr/bin/nm -B'
NMEDIT=''
OBJDUMP='objdump'
OBJEXT='o'
OTOOL64=''
OTOOL=''
PACKAGE='pynac'
PACKAGE_BUGREPORT='<pynac-devel@googlegroups.com>'
PACKAGE_NAME='pynac'
PACKAGE_STRING='pynac 0.6.1'
PACKAGE_TARNAME='pynac'
PACKAGE_URL=''
PACKAGE_VERSION='0.6.1'
PATH_SEPARATOR=':'
PYTHON='/usr/bin/python'
PYTHON_CPPFLAGS='-I/usr/include/python2.7'
PYTHON_EXEC_PREFIX='${exec_prefix}'
PYTHON_EXTRA_LDFLAGS='-Xlinker -export-dynamic -Wl,-O1 -Wl,-Bsymbolic-functions'
PYTHON_EXTRA_LIBS='-lpthread -ldl  -lutil -lm'
PYTHON_LDFLAGS='-L/usr/lib -lpython2.7'
PYTHON_PLATFORM='linux2'
PYTHON_PREFIX='${prefix}'
PYTHON_SITE_PKG='/usr/lib/python2.7/dist-packages'
PYTHON_VERSION='2.7'
RANLIB='ranlib'
RM='/bin/rm -f'
SED='/bin/sed'
SET_MAKE=''
SHELL='/bin/bash'
STRIP='strip'
VERSION='0.6.1'
ac_ct_AR='ar'
ac_ct_CC='gcc'
ac_ct_CXX='g++'
ac_ct_DUMPBIN=''
am__EXEEXT_FALSE=''
am__EXEEXT_TRUE='#'
am__fastdepCC_FALSE='#'
am__fastdepCC_TRUE=''
am__fastdepCXX_FALSE='#'
am__fastdepCXX_TRUE=''
am__include='include'
am__isrc=''
am__leading_dot='.'
am__nodep='_no'
am__quote=''
am__tar='$${TAR-tar} chof - "$$tardir"'
am__untar='$${TAR-tar} xf -'
bindir='${exec_prefix}/bin'
build='x86_64-unknown-linux-gnu'
build_alias=''
build_cpu='x86_64'
build_os='linux-gnu'
build_vendor='unknown'
datadir='${datarootdir}'
datarootdir='${prefix}/share'
docdir='${datarootdir}/doc/${PACKAGE_TARNAME}'
dvidir='${docdir}'
exec_prefix='${prefix}'
host='x86_64-unknown-linux-gnu'
host_alias=''
host_cpu='x86_64'
host_os='linux-gnu'
host_vendor='unknown'
htmldir='${docdir}'
includedir='${prefix}/include'
infodir='${datarootdir}/info'
install_sh='${SHELL} /home/aaditya/sage/pynac/install-sh'
libdir='${exec_prefix}/lib'
libexecdir='${exec_prefix}/libexec'
localedir='${datarootdir}/locale'
localstatedir='${prefix}/var'
mandir='${datarootdir}/man'
mkdir_p='$(MKDIR_P)'
oldincludedir='/usr/include'
pdfdir='${docdir}'
pkgpyexecdir='${pyexecdir}/pynac'
pkgpythondir='${pythondir}/pynac'
prefix='/usr/local'
program_transform_name='s,x,x,'
psdir='${docdir}'
pyexecdir='${exec_prefix}/lib/python2.7/dist-packages'
pythondir='${prefix}/lib/python2.7/dist-packages'
sbindir='${exec_prefix}/sbin'
sharedstatedir='${prefix}/com'
sysconfdir='${prefix}/etc'
target_alias=''

## ----------- ##
## confdefs.h. ##
## ----------- ##

/* confdefs.h */
#define PACKAGE_NAME "pynac"
#define PACKAGE_TARNAME "pynac"
#define PACKAGE_VERSION "0.6.1"
#define PACKAGE_STRING "pynac 0.6.1"
#define PACKAGE_BUGREPORT "<pynac-devel@googlegroups.com>"
#define PACKAGE_URL ""
#define PACKAGE "pynac"
#define VERSION "0.6.1"
#define HAVE_PYTHON "2.7"
#define ARCHIVE_VERSION 3
#define ARCHIVE_AGE 0
#define STDC_HEADERS 1
#define HAVE_SYS_TYPES_H 1
#define HAVE_SYS_STAT_H 1
#define HAVE_STDLIB_H 1
#define HAVE_STRING_H 1
#define HAVE_MEMORY_H 1
#define HAVE_STRINGS_H 1
#define HAVE_INTTYPES_H 1
#define HAVE_STDINT_H 1
#define HAVE_UNISTD_H 1
#define HAVE_DLFCN_H 1
#define LT_OBJDIR ".libs/"
#define HAVE_GMP_H 1
#define SIZEOF_INT 4
#define SIZEOF_LONG 8
#define SIZEOF_LONG_LONG 8
#define SIZEOF_LONG_DOUBLE 16
#define SIZEOF_VOID_P 8

configure: exit 0
